<?xml version="1.0" encoding="UTF-8"?>
<testsuite name="qotd.QuoteControllerSpec" tests="7" skipped="0" failures="0" errors="0" timestamp="2016-05-09T01:12:01" hostname="Daves-MacBook-Pro.local" time="0.339">
  <properties/>
  <testcase name="Test the index action returns the correct model" classname="qotd.QuoteControllerSpec" time="0.233"/>
  <testcase name="Test the create action returns the correct model" classname="qotd.QuoteControllerSpec" time="0.011"/>
  <testcase name="Test the save action correctly persists an instance" classname="qotd.QuoteControllerSpec" time="0.028"/>
  <testcase name="Test that the show action returns the correct model" classname="qotd.QuoteControllerSpec" time="0.009"/>
  <testcase name="Test that the edit action returns the correct model" classname="qotd.QuoteControllerSpec" time="0.012"/>
  <testcase name="Test the update action performs an update on a valid domain instance" classname="qotd.QuoteControllerSpec" time="0.028"/>
  <testcase name="Test that the delete action deletes an instance if it exists" classname="qotd.QuoteControllerSpec" time="0.018"/>
  <system-out><![CDATA[]]></system-out>
  <system-err><![CDATA[]]></system-err>
</testsuite>
