<?xml version="1.0" encoding="UTF-8"?>
<testsuite name="qotd.AttributionSpec" tests="1" skipped="0" failures="0" errors="0" timestamp="2016-05-09T01:12:01" hostname="Daves-MacBook-Pro.local" time="0.17">
  <properties/>
  <testcase name="test for valid attribution name" classname="qotd.AttributionSpec" time="0.17"/>
  <system-out><![CDATA[]]></system-out>
  <system-err><![CDATA[]]></system-err>
</testsuite>
