<?xml version="1.0" encoding="UTF-8"?>
<testsuite name="qotd.QuoteSpec" tests="1" skipped="0" failures="0" errors="0" timestamp="2016-05-09T01:12:01" hostname="Daves-MacBook-Pro.local" time="0.201">
  <properties/>
  <testcase name="test for valid quote text" classname="qotd.QuoteSpec" time="0.201"/>
  <system-out><![CDATA[]]></system-out>
  <system-err><![CDATA[]]></system-err>
</testsuite>
